<?xml version="1.0" encoding="UTF-8" ?>
<testsuite tests="5" failures="0" name="BatalhaTest" time="0.009" errors="0" skipped="0">
  <properties>
    <property name="idea.version" value="2021.3"/>
    <property name="java.runtime.name" value="OpenJDK Runtime Environment"/>
    <property name="java.vm.version" value="16.0.1+9"/>
    <property name="sun.boot.library.path" value="C:\Program Files\AdoptOpenJDK\jdk-16.0.1.9-hotspot\bin"/>
    <property name="maven.multiModuleProjectDirectory" value="D:\www\cwi\poo\naruto - Copia\batalha-ninja"/>
    <property name="java.vm.vendor" value="AdoptOpenJDK"/>
    <property name="java.vendor.url" value="https://adoptopenjdk.net/"/>
    <property name="guice.disable.misplaced.annotation.check" value="true"/>
    <property name="path.separator" value=";"/>
    <property name="java.vm.name" value="OpenJDK 64-Bit Server VM"/>
    <property name="sun.os.patch.level" value=""/>
    <property name="user.script" value=""/>
    <property name="user.country" value="BR"/>
    <property name="sun.java.launcher" value="SUN_STANDARD"/>
    <property name="java.vm.specification.name" value="Java Virtual Machine Specification"/>
    <property name="user.dir" value="D:\www\cwi\poo\naruto - Copia\batalha-ninja"/>
    <property name="java.vm.compressedOopsMode" value="Zero based"/>
    <property name="java.runtime.version" value="16.0.1+9"/>
    <property name="os.arch" value="amd64"/>
    <property name="java.io.tmpdir" value="C:\Users\PITHAN\AppData\Local\Temp\"/>
    <property name="line.separator" value="
"/>
    <property name="java.vm.specification.vendor" value="Oracle Corporation"/>
    <property name="user.variant" value=""/>
    <property name="os.name" value="Windows 10"/>
    <property name="maven.ext.class.path" value="D:\IntelliJ IDEA Community Edition 2021.3\plugins\maven\lib\maven-event-listener.jar"/>
    <property name="classworlds.conf" value="D:\IntelliJ IDEA Community Edition 2021.3\plugins\maven\lib\maven3\bin\m2.conf"/>
    <property name="sun.jnu.encoding" value="Cp1252"/>
    <property name="java.library.path" value="C:\Program Files\AdoptOpenJDK\jdk-16.0.1.9-hotspot\bin;C:\Windows\Sun\Java\bin;C:\Windows\system32;C:\Windows;C:\Program Files\AdoptOpenJDK\jdk-16.0.1.9-hotspot\bin;C:\Program Files\OpenJDK\openjdk-8u272-b10\bin;C:\Program Files\Git\bin;C:\Program Files\Docker\Docker\resources\bin;C:\ProgramData\DockerDesktop\version-bin;C:\Program Files\Redis\;C:\ProgramData\chocolatey\bin;C:\Program Files\OpenJDK\openjdk-8u342-b07\bin;C:\Program Files\nodejs\;C:\ProgramData\chocolatey\lib\maven\apache-maven-3.8.6\bin;C:\Program Files\dotnet\;C:\apache-maven-3.8.6\bin;C:\Users\PITHAN\AppData\Local\Programs\Python\Python310\Scripts\;C:\Program Files\nodejs\;C:\Users\PITHAN\AppData\Local\Programs\Python\Python310\;C:\Program Files\MySQL\MySQL Shell 8.0\bin\;C:\Users\PITHAN\AppData\Local\Microsoft\WindowsApps;C:\Users\PITHAN\AppData\Local\Programs\Microsoft VS Code\bin;%IntelliJ IDEA%;C:\Program Files\heroku\bin;D:\IntelliJ IDEA Community Edition 2021.3\bin;;C:\Users\PITHAN\Documents\flutter\bin;C:\MinGW\msys\1.0\bin;C:\MinGW\bin;C:\Program Files\Git\bin;C:\Program Files\PostgreSQL\bin;C:\MinGW\bin;C:\Users\PITHAN\AppData\Local\Android\Sdk\platform-tools;C:\Users\PITHAN\AppData\Local;C:\Users\PITHAN\AppData\Roaming\npm;C:\Users\PITHAN\.dotnet\tools;."/>
    <property name="maven.conf" value="D:\IntelliJ IDEA Community Edition 2021.3\plugins\maven\lib\maven3/conf"/>
    <property name="jdk.debug" value="release"/>
    <property name="java.class.version" value="60.0"/>
    <property name="java.specification.name" value="Java Platform API Specification"/>
    <property name="sun.management.compiler" value="HotSpot 64-Bit Tiered Compilers"/>
    <property name="os.version" value="10.0"/>
    <property name="user.home" value="C:\Users\PITHAN"/>
    <property name="user.timezone" value="America/Sao_Paulo"/>
    <property name="file.encoding" value="UTF-8"/>
    <property name="java.specification.version" value="16"/>
    <property name="user.name" value="PITHAN"/>
    <property name="java.class.path" value="D:\IntelliJ IDEA Community Edition 2021.3\plugins\maven\lib\maven3\boot\plexus-classworlds-2.6.0.jar;D:\IntelliJ IDEA Community Edition 2021.3\plugins\maven\lib\maven3\boot\plexus-classworlds.license"/>
    <property name="java.vm.specification.version" value="16"/>
    <property name="sun.arch.data.model" value="64"/>
    <property name="sun.java.command" value="org.codehaus.classworlds.Launcher -Didea.version=2021.3 clean install"/>
    <property name="java.home" value="C:\Program Files\AdoptOpenJDK\jdk-16.0.1.9-hotspot"/>
    <property name="user.language" value="pt"/>
    <property name="java.specification.vendor" value="Oracle Corporation"/>
    <property name="java.vm.info" value="mixed mode, sharing"/>
    <property name="java.version" value="16.0.1"/>
    <property name="java.vendor" value="AdoptOpenJDK"/>
    <property name="maven.home" value="D:\IntelliJ IDEA Community Edition 2021.3\plugins\maven\lib\maven3"/>
    <property name="file.separator" value="\"/>
    <property name="java.version.date" value="2021-04-20"/>
    <property name="java.vendor.url.bug" value="https://github.com/AdoptOpenJDK/openjdk-support/issues"/>
    <property name="sun.io.unicode.encoding" value="UnicodeLittle"/>
    <property name="sun.cpu.endian" value="little"/>
    <property name="java.vendor.version" value="AdoptOpenJDK-16.0.1+9"/>
    <property name="sun.cpu.isalist" value="amd64"/>
  </properties>
  <testcase classname="BatalhaTest" name="deveRetornarSegundoNinjaComoVencedorQuandoONomeForItachi" time="0.009"/>
  <testcase classname="BatalhaTest" name="deveAtualizarOChakraDoOponenteDeAcordoComODanoDoJutsoQuandoAtacar" time="0"/>
  <testcase classname="BatalhaTest" name="deveRetornarPrimeiroNinjaComoVencedorQuandoEmpatar" time="0"/>
  <testcase classname="BatalhaTest" name="deveRetornarPrimeiroNinjaComoVencedorQuandoONomeForItachi" time="0"/>
  <testcase classname="BatalhaTest" name="deveRetornarNinjaComJutsuMaisForteSeOsDoisGastamOMesmoChakra" time="0"/>
</testsuite>